[     183ms] [INFO] %cDownload the React DevTools for a better development experience: https://reactjs.org/link/react-devtools font-weight:bold @ http://localhost:5173/@fs/Users/fangchen/Baidu/GitHub/OpenDesk/node_modules/.vite/deps/chunk-YZVM2MHU.js?v=83c3c40e:21550
[     257ms] TypeError: window.api.chat.onToolCall is not a function
    at http://localhost:5173/src/components/chat/InputBar.tsx?t=1781242592300:89:41
    at commitHookEffectListMount (http://localhost:5173/@fs/Users/fangchen/Baidu/GitHub/OpenDesk/node_modules/.vite/deps/chunk-YZVM2MHU.js?v=83c3c40e:16915:34)
    at commitPassiveMountOnFiber (http://localhost:5173/@fs/Users/fangchen/Baidu/GitHub/OpenDesk/node_modules/.vite/deps/chunk-YZVM2MHU.js?v=83c3c40e:18156:19)
    at commitPassiveMountEffects_complete (http://localhost:5173/@fs/Users/fangchen/Baidu/GitHub/OpenDesk/node_modules/.vite/deps/chunk-YZVM2MHU.js?v=83c3c40e:18129:17)
    at commitPassiveMountEffects_begin (http://localhost:5173/@fs/Users/fangchen/Baidu/GitHub/OpenDesk/node_modules/.vite/deps/chunk-YZVM2MHU.js?v=83c3c40e:18119:15)
    at commitPassiveMountEffects (http://localhost:5173/@fs/Users/fangchen/Baidu/GitHub/OpenDesk/node_modules/.vite/deps/chunk-YZVM2MHU.js?v=83c3c40e:18109:11)
    at flushPassiveEffectsImpl (http://localhost:5173/@fs/Users/fangchen/Baidu/GitHub/OpenDesk/node_modules/.vite/deps/chunk-YZVM2MHU.js?v=83c3c40e:19490:11)
    at flushPassiveEffects (http://localhost:5173/@fs/Users/fangchen/Baidu/GitHub/OpenDesk/node_modules/.vite/deps/chunk-YZVM2MHU.js?v=83c3c40e:19447:22)
    at performSyncWorkOnRoot (http://localhost:5173/@fs/Users/fangchen/Baidu/GitHub/OpenDesk/node_modules/.vite/deps/chunk-YZVM2MHU.js?v=83c3c40e:18868:11)
    at flushSyncCallbacks (http://localhost:5173/@fs/Users/fangchen/Baidu/GitHub/OpenDesk/node_modules/.vite/deps/chunk-YZVM2MHU.js?v=83c3c40e:9119:30)
[     259ms] TypeError: window.api.chat.onToolCall is not a function
    at http://localhost:5173/src/components/chat/InputBar.tsx?t=1781242592300:89:41
    at commitHookEffectListMount (http://localhost:5173/@fs/Users/fangchen/Baidu/GitHub/OpenDesk/node_modules/.vite/deps/chunk-YZVM2MHU.js?v=83c3c40e:16915:34)
    at invokePassiveEffectMountInDEV (http://localhost:5173/@fs/Users/fangchen/Baidu/GitHub/OpenDesk/node_modules/.vite/deps/chunk-YZVM2MHU.js?v=83c3c40e:18324:19)
    at invokeEffectsInDev (http://localhost:5173/@fs/Users/fangchen/Baidu/GitHub/OpenDesk/node_modules/.vite/deps/chunk-YZVM2MHU.js?v=83c3c40e:19701:19)
    at commitDoubleInvokeEffectsInDEV (http://localhost:5173/@fs/Users/fangchen/Baidu/GitHub/OpenDesk/node_modules/.vite/deps/chunk-YZVM2MHU.js?v=83c3c40e:19686:15)
    at flushPassiveEffectsImpl (http://localhost:5173/@fs/Users/fangchen/Baidu/GitHub/OpenDesk/node_modules/.vite/deps/chunk-YZVM2MHU.js?v=83c3c40e:19503:13)
    at flushPassiveEffects (http://localhost:5173/@fs/Users/fangchen/Baidu/GitHub/OpenDesk/node_modules/.vite/deps/chunk-YZVM2MHU.js?v=83c3c40e:19447:22)
    at performSyncWorkOnRoot (http://localhost:5173/@fs/Users/fangchen/Baidu/GitHub/OpenDesk/node_modules/.vite/deps/chunk-YZVM2MHU.js?v=83c3c40e:18868:11)
    at flushSyncCallbacks (http://localhost:5173/@fs/Users/fangchen/Baidu/GitHub/OpenDesk/node_modules/.vite/deps/chunk-YZVM2MHU.js?v=83c3c40e:9119:30)
    at commitRootImpl (http://localhost:5173/@fs/Users/fangchen/Baidu/GitHub/OpenDesk/node_modules/.vite/deps/chunk-YZVM2MHU.js?v=83c3c40e:19432:11)
[     261ms] [ERROR] The above error occurred in the <InputBar> component:

    at InputBar (http://localhost:5173/src/components/chat/InputBar.tsx?t=1781242592300:40:36)
    at div
    at div
    at div
    at ChatPanel (http://localhost:5173/src/components/chat/ChatPanel.tsx?t=1781242592300:84:37)
    at main
    at div
    at ErrorBoundary (http://localhost:5173/src/components/layout/AppShell.tsx?t=1781242801035:38:5)
    at AppShell (http://localhost:5173/src/components/layout/AppShell.tsx?t=1781242801035:84:43)
    at App

React will try to recreate this component tree from scratch using the error boundary you provided, ErrorBoundary. @ http://localhost:5173/@fs/Users/fangchen/Baidu/GitHub/OpenDesk/node_modules/.vite/deps/chunk-YZVM2MHU.js?v=83c3c40e:14031
[     261ms] [ERROR] The above error occurred in the <InputBar> component:

    at InputBar (http://localhost:5173/src/components/chat/InputBar.tsx?t=1781242592300:40:36)
    at div
    at div
    at div
    at ChatPanel (http://localhost:5173/src/components/chat/ChatPanel.tsx?t=1781242592300:84:37)
    at main
    at div
    at ErrorBoundary (http://localhost:5173/src/components/layout/AppShell.tsx?t=1781242801035:38:5)
    at AppShell (http://localhost:5173/src/components/layout/AppShell.tsx?t=1781242801035:84:43)
    at App

React will try to recreate this component tree from scratch using the error boundary you provided, ErrorBoundary. @ http://localhost:5173/@fs/Users/fangchen/Baidu/GitHub/OpenDesk/node_modules/.vite/deps/chunk-YZVM2MHU.js?v=83c3c40e:14031
[     290ms] [ERROR] Failed to load resource: the server responded with a status of 404 (Not Found) @ http://localhost:5173/favicon.ico:0
